c:\users\administrator\source\repos\tank_lihongbo\tank_lihongbo\debug\tank_lihongbo.pch
c:\users\administrator\source\repos\tank_lihongbo\tank_lihongbo\debug\vc141.pdb
c:\users\administrator\source\repos\tank_lihongbo\tank_lihongbo\debug\vc141.idb
c:\users\administrator\source\repos\tank_lihongbo\tank_lihongbo\debug\stdafx.obj
c:\users\administrator\source\repos\tank_lihongbo\tank_lihongbo\debug\bot.obj
c:\users\administrator\source\repos\tank_lihongbo\tank_lihongbo\debug\bullet.obj
c:\users\administrator\source\repos\tank_lihongbo\tank_lihongbo\debug\cgame.obj
c:\users\administrator\source\repos\tank_lihongbo\tank_lihongbo\debug\cgameentry.obj
c:\users\administrator\source\repos\tank_lihongbo\tank_lihongbo\debug\gamehit.obj
c:\users\administrator\source\repos\tank_lihongbo\tank_lihongbo\debug\gamemap.obj
c:\users\administrator\source\repos\tank_lihongbo\tank_lihongbo\debug\gamemenubackground.obj
c:\users\administrator\source\repos\tank_lihongbo\tank_lihongbo\debug\gamemenupanel.obj
c:\users\administrator\source\repos\tank_lihongbo\tank_lihongbo\debug\gamemenupanel2.obj
c:\users\administrator\source\repos\tank_lihongbo\tank_lihongbo\debug\keymenuplayer01.obj
c:\users\administrator\source\repos\tank_lihongbo\tank_lihongbo\debug\keymenuplayer02.obj
c:\users\administrator\source\repos\tank_lihongbo\tank_lihongbo\debug\mainfrm.obj
c:\users\administrator\source\repos\tank_lihongbo\tank_lihongbo\debug\player.obj
c:\users\administrator\source\repos\tank_lihongbo\tank_lihongbo\debug\tankentry.obj
c:\users\administrator\source\repos\tank_lihongbo\tank_lihongbo\debug\tank_lihongbo.obj
c:\users\administrator\source\repos\tank_lihongbo\tank_lihongbo\debug\wall.obj
c:\users\administrator\source\repos\tank_lihongbo\debug\tank_lihongbo.exe
c:\users\administrator\source\repos\tank_lihongbo\debug\tank_lihongbo.ilk
c:\users\administrator\source\repos\tank_lihongbo\debug\tank_lihongbo.pdb
c:\users\administrator\source\repos\tank_lihongbo\tank_lihongbo\debug\tanklihongbo.res
c:\users\administrator\source\repos\tank_lihongbo\tank_lihongbo\debug\tank_lihongbo.tlog\cl.command.1.tlog
c:\users\administrator\source\repos\tank_lihongbo\tank_lihongbo\debug\tank_lihongbo.tlog\cl.read.1.tlog
c:\users\administrator\source\repos\tank_lihongbo\tank_lihongbo\debug\tank_lihongbo.tlog\cl.write.1.tlog
c:\users\administrator\source\repos\tank_lihongbo\tank_lihongbo\debug\tank_lihongbo.tlog\link.command.1.tlog
c:\users\administrator\source\repos\tank_lihongbo\tank_lihongbo\debug\tank_lihongbo.tlog\link.read.1.tlog
c:\users\administrator\source\repos\tank_lihongbo\tank_lihongbo\debug\tank_lihongbo.tlog\link.write.1.tlog
c:\users\administrator\source\repos\tank_lihongbo\tank_lihongbo\debug\tank_lihongbo.tlog\rc.command.1.tlog
c:\users\administrator\source\repos\tank_lihongbo\tank_lihongbo\debug\tank_lihongbo.tlog\rc.read.1.tlog
c:\users\administrator\source\repos\tank_lihongbo\tank_lihongbo\debug\tank_lihongbo.tlog\rc.write.1.tlog
